<?xml version="1.0" encoding="UTF-8"?>
<!-- Generated by org.testng.reporters.JUnitXMLReporter -->
<testsuite hostname="hp" ignored="0" name="Default test" tests="10" failures="0" timestamp="2025-01-04T12:30:31 IST" time="13.676" errors="0">
  <testcase name="userShouldAbleToSaveAlbum" time="7.116" classname="com.spotify.oauth2.tests.AlbumAPITests"/>
  <testcase name="UserShouldAbleToGetAlubumDetails" time="0.67" classname="com.spotify.oauth2.tests.AlbumAPITests"/>
  <testcase name="userShouldAbleToRemoveAlbumDetails" time="0.562" classname="com.spotify.oauth2.tests.AlbumAPITests"/>
  <testcase name="userShouldAbleToGetAlbumDetails" time="0.776" classname="com.spotify.oauth2.tests.AlbumAPITests"/>
  <testcase name="UserShouldNotAbleToGetAlubumDetailsWithInvalidToken" time="0.644" classname="com.spotify.oauth2.tests.AlbumAPITests"/>
  <testcase name="UserShouldNotAbleToGetAlubumDetailsWithoutToken" time="0.511" classname="com.spotify.oauth2.tests.AlbumAPITests"/>
  <testcase name="UserShouldABleToGetSingleAlbumInfo" time="0.64" classname="com.spotify.oauth2.tests.AlbumAPITests"/>
  <testcase name="UserShouldABleToGetSeveralAlbumInfo" time="1.011" classname="com.spotify.oauth2.tests.AlbumAPITests"/>
  <testcase name="UserShouldABleToGetAlbumTrackInfo" time="0.57" classname="com.spotify.oauth2.tests.AlbumAPITests"/>
  <testcase name="UserShouldABleToGetNewRelease" time="1.031" classname="com.spotify.oauth2.tests.AlbumAPITests"/>
</testsuite> <!-- Default test -->
