<?xml version="1.0" encoding="UTF-8"?>
<!-- Generated by org.testng.reporters.JUnitXMLReporter -->
<testsuite hostname="hp" ignored="3" name="Default test" tests="1" failures="0" timestamp="2025-03-15T12:46:02 IST" time="11.18" errors="0">
  <testcase name="getAvailableDevices" time="11.058" classname="com.spotify.oauth2.tests.PlayerAPITest"/>
  <testcase name="transferPlayBack" time="0.0" classname="com.spotify.oauth2.tests.PlayerAPITest">
    <ignored/>
  </testcase> <!-- transferPlayBack -->
  <testcase name="getPlaybackState" time="0.0" classname="com.spotify.oauth2.tests.PlayerAPITest">
    <ignored/>
  </testcase> <!-- getPlaybackState -->
  <testcase name="addAnItemToPlayBackQueue" time="0.0" classname="com.spotify.oauth2.tests.PlayerAPITest">
    <ignored/>
  </testcase> <!-- addAnItemToPlayBackQueue -->
</testsuite> <!-- Default test -->
