<?xml version="1.0" encoding="UTF-8"?>
<testng-results skipped="0" failed="0" ignored="0" total="4" passed="4">
  <reporter-output>
  </reporter-output>
  <suite name="Default suite" duration-ms="14371" started-at="2025-01-02T22:52:50 IST" finished-at="2025-01-02T22:53:05 IST">
    <groups>
    </groups>
    <test name="Default test" duration-ms="14371" started-at="2025-01-02T22:52:50 IST" finished-at="2025-01-02T22:53:05 IST">
      <class name="com.spotify.oauth2.tests.AlbumAPITests">
        <test-method status="PASS" signature="userShouldAbleToSaveAlbum()[pri:1, instance:com.spotify.oauth2.tests.AlbumAPITests@2781e022]" name="userShouldAbleToSaveAlbum" duration-ms="11942" started-at="2025-01-02T22:52:50 IST" description="User should be able to save the album" finished-at="2025-01-02T22:53:02 IST">
          <reporter-output>
          </reporter-output>
        </test-method> <!-- userShouldAbleToSaveAlbum -->
        <test-method status="PASS" signature="UserShouldAbleToGetAlubumDetails()[pri:2, instance:com.spotify.oauth2.tests.AlbumAPITests@2781e022]" name="UserShouldAbleToGetAlubumDetails" duration-ms="844" started-at="2025-01-02T22:53:02 IST" description="User should able to get album details" finished-at="2025-01-02T22:53:03 IST">
          <reporter-output>
          </reporter-output>
        </test-method> <!-- UserShouldAbleToGetAlubumDetails -->
        <test-method status="PASS" signature="userShouldAbleToRemoveAlbumDetails()[pri:3, instance:com.spotify.oauth2.tests.AlbumAPITests@2781e022]" name="userShouldAbleToRemoveAlbumDetails" duration-ms="678" started-at="2025-01-02T22:53:03 IST" description="User should able to resmove album details" finished-at="2025-01-02T22:53:04 IST">
          <reporter-output>
          </reporter-output>
        </test-method> <!-- userShouldAbleToRemoveAlbumDetails -->
        <test-method status="PASS" signature="userShouldAbleToGetAlbumDetails()[pri:4, instance:com.spotify.oauth2.tests.AlbumAPITests@2781e022]" name="userShouldAbleToGetAlbumDetails" duration-ms="844" started-at="2025-01-02T22:53:04 IST" description="User should able to get saved album details" finished-at="2025-01-02T22:53:05 IST">
          <reporter-output>
          </reporter-output>
        </test-method> <!-- userShouldAbleToGetAlbumDetails -->
      </class> <!-- com.spotify.oauth2.tests.AlbumAPITests -->
    </test> <!-- Default test -->
  </suite> <!-- Default suite -->
</testng-results>
